0 info it worked if it ends with ok
1 verbose cli [ '/usr/local/bin/node',
1 verbose cli   '/usr/local/bin/npm',
1 verbose cli   'install',
1 verbose cli   '--save',
1 verbose cli   'fs' ]
2 info using npm@3.3.6
3 info using node@v5.0.0
4 silly loadCurrentTree Starting
5 silly install loadCurrentTree
6 silly install readLocalPackageData
7 silly fetchPackageMetaData fs
8 silly fetchNamedPackageData fs
9 silly mapToRegistry name fs
10 silly mapToRegistry using default registry
11 silly mapToRegistry registry https://registry.npmjs.org/
12 silly mapToRegistry uri https://registry.npmjs.org/fs
13 verbose request uri https://registry.npmjs.org/fs
14 verbose request no auth needed
15 info attempt registry request try #1 at 7:59:32 PM
16 verbose request using bearer token for auth
17 verbose request id 5a3f49745ad4f72a
18 verbose etag "EMCENH3H5I39B1T6W8Z00TCR9"
19 http request GET https://registry.npmjs.org/fs
20 http 200 https://registry.npmjs.org/fs
21 verbose headers { server: 'nginx/1.10.1',
21 verbose headers   'content-type': 'application/json',
21 verbose headers   'last-modified': 'Sun, 09 Apr 2017 10:35:23 GMT',
21 verbose headers   etag: 'W/"58ea0e6b-d6c"',
21 verbose headers   'content-encoding': 'gzip',
21 verbose headers   'cache-control': 'max-age=300',
21 verbose headers   'transfer-encoding': 'chunked',
21 verbose headers   'accept-ranges': 'bytes',
21 verbose headers   date: 'Wed, 12 Apr 2017 11:59:33 GMT',
21 verbose headers   via: '1.1 varnish',
21 verbose headers   connection: 'keep-alive',
21 verbose headers   'x-served-by': 'cache-lax8642-LAX',
21 verbose headers   'x-cache': 'MISS',
21 verbose headers   'x-cache-hits': '0',
21 verbose headers   'x-timer': 'S1491998373.339323,VS0,VE162',
21 verbose headers   vary: 'Accept-Encoding' }
22 silly get cb [ 200,
22 silly get   { server: 'nginx/1.10.1',
22 silly get     'content-type': 'application/json',
22 silly get     'last-modified': 'Sun, 09 Apr 2017 10:35:23 GMT',
22 silly get     etag: 'W/"58ea0e6b-d6c"',
22 silly get     'content-encoding': 'gzip',
22 silly get     'cache-control': 'max-age=300',
22 silly get     'transfer-encoding': 'chunked',
22 silly get     'accept-ranges': 'bytes',
22 silly get     date: 'Wed, 12 Apr 2017 11:59:33 GMT',
22 silly get     via: '1.1 varnish',
22 silly get     connection: 'keep-alive',
22 silly get     'x-served-by': 'cache-lax8642-LAX',
22 silly get     'x-cache': 'MISS',
22 silly get     'x-cache-hits': '0',
22 silly get     'x-timer': 'S1491998373.339323,VS0,VE162',
22 silly get     vary: 'Accept-Encoding' } ]
23 verbose get saving fs to /Users/philipcallender/.npm/registry.npmjs.org/fs/.cache.json
24 silly install normalizeTree
25 silly loadCurrentTree Finishing
26 silly loadIdealTree Starting
27 silly install loadIdealTree
28 silly cloneCurrentTree Starting
29 silly install cloneCurrentTreeToIdealTree
30 silly cloneCurrentTree Finishing
31 silly loadShrinkwrap Starting
32 silly install loadShrinkwrap
33 silly loadShrinkwrap Finishing
34 silly loadAllDepsIntoIdealTree Starting
35 silly install loadAllDepsIntoIdealTree
36 silly resolveWithNewModule fs@0.0.0 checking installable status
37 silly cache add args [ 'fs', null ]
38 verbose cache add spec fs
39 silly cache add parsed spec Result {
39 silly cache add   raw: 'fs',
39 silly cache add   scope: null,
39 silly cache add   name: 'fs',
39 silly cache add   rawSpec: '',
39 silly cache add   spec: '*',
39 silly cache add   type: 'range' }
40 silly addNamed fs@*
41 verbose addNamed "*" is a valid semver range for fs
42 silly addNameRange { name: 'fs', range: '*', hasData: false }
43 silly mapToRegistry name fs
44 silly mapToRegistry using default registry
45 silly mapToRegistry registry https://registry.npmjs.org/
46 silly mapToRegistry uri https://registry.npmjs.org/fs
47 verbose addNameRange registry:https://registry.npmjs.org/fs not in flight; fetching
48 verbose get https://registry.npmjs.org/fs not expired, no request
49 silly addNameRange number 2 { name: 'fs', range: '*', hasData: true }
50 silly addNameRange versions [ 'fs', [ '0.0.1-security', '0.0.0', '0.0.2' ] ]
51 silly addNamed fs@0.0.2
52 verbose addNamed "0.0.2" is a plain semver version for fs
53 silly cache afterAdd fs@0.0.2
54 verbose afterAdd /Users/philipcallender/.npm/fs/0.0.2/package/package.json not in flight; writing
55 verbose afterAdd /Users/philipcallender/.npm/fs/0.0.2/package/package.json written
56 silly rollbackFailedOptional Starting
57 silly rollbackFailedOptional Finishing
58 silly runTopLevelLifecycles Starting
59 silly runTopLevelLifecycles Finishing
60 silly install printInstalled
61 verbose stack Error: Error extracting /Users/philipcallender/.npm/fs/0.0.0/package.tgz archive: ENOENT: no such file or directory, open '/Users/philipcallender/.npm/fs/0.0.0/package.tgz'
61 verbose stack     at ReadStream.<anonymous> (/usr/local/lib/node_modules/npm/lib/fetch-package-metadata.js:276:10)
61 verbose stack     at emitOne (events.js:77:13)
61 verbose stack     at ReadStream.emit (events.js:169:7)
61 verbose stack     at /usr/local/lib/node_modules/npm/node_modules/graceful-fs/graceful-fs.js:179:14
61 verbose stack     at /usr/local/lib/node_modules/npm/node_modules/graceful-fs/graceful-fs.js:230:16
61 verbose stack     at FSReqWrap.oncomplete (fs.js:82:15)
62 verbose cwd /Development/generator-pastac/generators/app
63 error Darwin 15.6.0
64 error argv "/usr/local/bin/node" "/usr/local/bin/npm" "install" "--save" "fs"
65 error node v5.0.0
66 error npm  v3.3.6
67 error code EREADFILE
68 error Error extracting /Users/philipcallender/.npm/fs/0.0.0/package.tgz archive: ENOENT: no such file or directory, open '/Users/philipcallender/.npm/fs/0.0.0/package.tgz'
69 error If you need help, you may report this error at:
69 error     <https://github.com/npm/npm/issues>
70 verbose exit [ 1, true ]
